<?xml version="1.0" encoding="UTF-8"?>
<!-- Generated by org.testng.reporters.JUnitReportReporter -->
<testsuite skipped="0" hostname="WINDOWS-U19P0R5" name="com.class01.beforeAndAfterMethod" tests="2" failures="0" timestamp="29 May 2019 02:02:29 GMT" time="0.014" errors="0">
  <testcase name="testMethodTwo" time="0.003" classname="com.class01.beforeAndAfterMethod"/>
  <testcase name="testMethodOne" time="0.011" classname="com.class01.beforeAndAfterMethod"/>
</testsuite> <!-- com.class01.beforeAndAfterMethod -->
