<?xml version="1.0" encoding="UTF-8"?>
<!-- Generated by org.testng.reporters.JUnitReportReporter -->
<testsuite skipped="0" hostname="WINDOWS-U19P0R5" name="com.class01.test" tests="3" failures="0" timestamp="29 May 2019 01:19:23 GMT" time="0.017" errors="0">
  <testcase name="test" time="0.001" classname="com.class01.test"/>
  <testcase name="a" time="0.013" classname="com.class01.test"/>
  <testcase name="b" time="0.003" classname="com.class01.test"/>
</testsuite> <!-- com.class01.test -->
