<?xml version="1.0" encoding="UTF-8"?>
<!-- Generated by org.testng.reporters.JUnitReportReporter -->
<testsuite skipped="0" hostname="WINDOWS-U19P0R5" name="com.syntax.testcases.AddEmployeePageTest" tests="3" failures="0" timestamp="14 Jun 2019 00:59:53 GMT" time="45.053" errors="0">
  <testcase name="addEmployee" time="17.340" classname="com.syntax.testcases.AddEmployeePageTest"/>
  <testcase name="addEmployee" time="13.894" classname="com.syntax.testcases.AddEmployeePageTest"/>
  <testcase name="addEmployee" time="13.819" classname="com.syntax.testcases.AddEmployeePageTest"/>
</testsuite> <!-- com.syntax.testcases.AddEmployeePageTest -->
