<?xml version="1.0" encoding="UTF-8"?>
<!-- Generated by org.testng.reporters.JUnitReportReporter -->
<testsuite skipped="0" hostname="WINDOWS-U19P0R5" name="com.syntax.testcases.LoginPageTest" tests="2" failures="0" timestamp="09 Jun 2019 18:17:33 GMT" time="16.075" errors="0">
  <testcase name="doLogin" time="7.628" classname="com.syntax.testcases.LoginPageTest"/>
  <testcase name="loginToOrangeHRM" time="8.447" classname="com.syntax.testcases.LoginPageTest"/>
</testsuite> <!-- com.syntax.testcases.LoginPageTest -->
