<?xml version="1.0" encoding="UTF-8"?>
<!-- Generated by org.testng.reporters.JUnitReportReporter -->
<testsuite skipped="0" hostname="WINDOWS-U19P0R5" name="com.syntax.practice.ExcelFunctionsTest" tests="1" failures="0" timestamp="15 Jun 2019 17:14:25 GMT" time="0.873" errors="0">
  <testcase name="excelTest" time="0.873" classname="com.syntax.practice.ExcelFunctionsTest"/>
</testsuite> <!-- com.syntax.practice.ExcelFunctionsTest -->
