<?xml version="1.0" encoding="UTF-8"?>
<!-- Generated by org.testng.reporters.JUnitReportReporter -->
<testsuite skipped="1" hostname="WINDOWS-U19P0R5" name="com.class02.task" tests="3" failures="0" timestamp="31 May 2019 00:14:07 GMT" time="15.116" errors="0">
  <testcase name="login" time="9.226" classname="com.class02.task"/>
  <testcase name="titleValidation" time="5.890" classname="com.class02.task"/>
  <testcase name="refresh" classname="com.class02.task">
    <skipped/>
  </testcase> <!-- refresh -->
</testsuite> <!-- com.class02.task -->
