<?xml version="1.0" encoding="UTF-8"?>
<!-- Generated by org.testng.reporters.JUnitReportReporter -->
<testsuite skipped="0" hostname="WINDOWS-U19P0R5" name="com.class04.Homework" tests="1" failures="0" timestamp="11 Jun 2019 22:52:39 GMT" time="5.780" errors="0">
  <testcase name="createUsers" time="5.780" classname="com.class04.Homework"/>
</testsuite> <!-- com.class04.Homework -->
