<?xml version="1.0" encoding="UTF-8"?>
<!-- Generated by org.testng.reporters.JUnitReportReporter -->
<testsuite skipped="0" hostname="WINDOWS-U19P0R5" name="com.class05.task" tests="2" failures="0" timestamp="12 Jun 2019 01:13:34 GMT" time="13.805" errors="0">
  <testcase name="testUsers" time="7.260" classname="com.class05.task"/>
  <testcase name="testUsers" time="6.545" classname="com.class05.task"/>
</testsuite> <!-- com.class05.task -->
