<?xml version="1.0" encoding="UTF-8"?>
<!-- Generated by org.testng.reporters.JUnitReportReporter -->
<testsuite skipped="0" hostname="WINDOWS-U19P0R5" name="com.class04.task" tests="2" failures="0" timestamp="11 Jun 2019 21:06:09 GMT" time="14.095" errors="0">
  <testcase name="saucedemoUsername2" time="5.166" classname="com.class04.task"/>
  <testcase name="saucedemoUsername1" time="8.929" classname="com.class04.task"/>
</testsuite> <!-- com.class04.task -->
