<?xml version="1.0" encoding="UTF-8"?>
<!-- Generated by org.testng.reporters.JUnitReportReporter -->
<testsuite skipped="0" hostname="WINDOWS-U19P0R5" name="com.class01.task" tests="1" failures="0" timestamp="29 May 2019 02:51:45 GMT" time="7.579" errors="0">
  <testcase name="login" time="7.579" classname="com.class01.task"/>
</testsuite> <!-- com.class01.task -->
