<?xml version="1.0" encoding="UTF-8"?>
<!-- Generated by org.testng.reporters.JUnitReportReporter -->
<testsuite skipped="0" hostname="WINDOWS-U19P0R5" name="com.class12.FlightSearch" tests="1" failures="0" timestamp="02 Jun 2019 16:27:42 GMT" time="21.744" errors="0">
  <testcase name="searchFlight" time="21.744" classname="com.class12.FlightSearch"/>
</testsuite> <!-- com.class12.FlightSearch -->
